<?xml version="1.0" encoding="UTF-8"?>
<!-- Generated by org.testng.reporters.JUnitXMLReporter -->
<testsuite hostname="Ray" ignored="6" name="Default test" tests="1" failures="0" timestamp="2021-06-16T17:39:38 IST" time="25.613" errors="0">
  <testcase name="brokenlinkValidation" time="12.716" classname="testScripts.ui.ScriptHome"/>
  <testcase name="TC_03_DeleteALL" time="0.0" classname="testScripts.ui.ScriptHome">
    <ignored/>
  </testcase> <!-- TC_03_DeleteALL -->
  <testcase name="TC_05_EditItem" time="0.0" classname="testScripts.ui.ScriptHome">
    <ignored/>
  </testcase> <!-- TC_05_EditItem -->
  <testcase name="TC_06_VerifyVersionwithLink" time="0.0" classname="testScripts.ui.ScriptHome">
    <ignored/>
  </testcase> <!-- TC_06_VerifyVersionwithLink -->
  <testcase name="TC_02_VerifyTitle" time="0.0" classname="testScripts.ui.ScriptHome">
    <ignored/>
  </testcase> <!-- TC_02_VerifyTitle -->
  <testcase name="TC_01_PositiveScenario" time="0.0" classname="testScripts.ui.ScriptHome">
    <ignored/>
  </testcase> <!-- TC_01_PositiveScenario -->
  <testcase name="TC_04_VerifyVersion" time="0.0" classname="testScripts.ui.ScriptHome">
    <ignored/>
  </testcase> <!-- TC_04_VerifyVersion -->
</testsuite> <!-- Default test -->
