<?xml version="1.0" encoding="UTF-8"?>
<!-- Generated by org.testng.reporters.JUnitXMLReporter -->
<testsuite hostname="Ray" ignored="0" name="PositiveScenario" tests="7" failures="0" timestamp="2021-06-16T17:45:28 IST" time="143.902" errors="0">
  <testcase name="TC_01_PositiveScenario" time="4.959" classname="testScripts.ui.ScriptHome"/>
  <testcase name="TC_02_VerifyTitle" time="0.032" classname="testScripts.ui.ScriptHome"/>
  <testcase name="TC_03_DeleteALL" time="5.488" classname="testScripts.ui.ScriptHome"/>
  <testcase name="TC_04_VerifyVersion" time="23.533" classname="testScripts.ui.ScriptHome"/>
  <testcase name="TC_05_EditItem" time="24.787" classname="testScripts.ui.ScriptHome"/>
  <testcase name="TC_06_VerifyVersionwithLink" time="5.079" classname="testScripts.ui.ScriptHome"/>
  <testcase name="brokenlinkValidation" time="14.453" classname="testScripts.ui.ScriptHome"/>
</testsuite> <!-- PositiveScenario -->
