<?xml version="1.0" encoding="UTF-8"?>
<!-- Generated by org.testng.reporters.JUnitXMLReporter -->
<testsuite hostname="Ray" ignored="0" name="PositiveScenario" tests="4" failures="0" timestamp="2021-06-16T17:42:49 IST" time="9.046" errors="0">
  <testcase name="TC_01_getItems" time="4.91" classname="testScripts.apitests.Tests"/>
  <testcase name="TC_02_AddNewBook" time="1.214" classname="testScripts.apitests.Tests"/>
  <testcase name="TC_03_AddNewBook" time="0.673" classname="testScripts.apitests.Tests"/>
  <testcase name="TC_04_DeleteNewBook" time="1.978" classname="testScripts.apitests.Tests"/>
</testsuite> <!-- PositiveScenario -->
